-------------------------------------------------------------------------------
Test set: com.example.restservice.GreetingControllerTests
-------------------------------------------------------------------------------
Tests run: 2, Failures: 1, Errors: 0, Skipped: 0, Time elapsed: 14.524 s <<< FAILURE! - in com.example.restservice.GreetingControllerTests
noParamGreetingShouldReturnDefaultMessage  Time elapsed: 3.058 s  <<< FAILURE!
java.lang.AssertionError: JSON path "$.content" expected:<Hello, World!> but was:<Hello, People!>
	at com.example.restservice.GreetingControllerTests.noParamGreetingShouldReturnDefaultMessage(GreetingControllerTests.java:41)

